2024-06-26 14:30:31 [main] INFO  restful.restful.RestfulApplication -
                Starting RestfulApplication using Java 19.0.2 on Nitishs-MacBook-Air.local with PID 30743 (/Users/nitishmac/springboot/build/classes/java/main started by nitishmac in /Users/nitishmac/springboot)
2024-06-26 14:30:31 [main] DEBUG restful.restful.RestfulApplication -
                Running with Spring Boot v2.7.14, Spring v5.3.29
2024-06-26 14:30:31 [main] INFO  restful.restful.RestfulApplication -
                The following 3 profiles are active: "prod", "dev", "local"
2024-06-26 14:30:32 [main] DEBUG restful.restful.filter.JwtAuthFilter -
                Filter 'jwtAuthFilter' configured for use
2024-06-26 14:30:33 [main] INFO  restful.restful.RestfulApplication -
                Started RestfulApplication in 7.014 seconds (JVM running for 7.314)
2024-06-26 18:26:37 [main] INFO  restful.restful.RestfulApplication -
                Starting RestfulApplication using Java 19.0.2 on Nitishs-MacBook-Air.local with PID 36902 (/Users/nitishmac/springboot/build/classes/java/main started by nitishmac in /Users/nitishmac/springboot)
2024-06-26 18:26:37 [main] DEBUG restful.restful.RestfulApplication -
                Running with Spring Boot v2.7.14, Spring v5.3.29
2024-06-26 18:26:37 [main] INFO  restful.restful.RestfulApplication -
                The following 3 profiles are active: "prod", "dev", "local"
2024-06-26 19:34:15 [main] INFO  restful.restful.RestfulApplication -
                Starting RestfulApplication using Java 19.0.2 on Nitishs-MacBook-Air.local with PID 39412 (/Users/nitishmac/springboot/build/classes/java/main started by nitishmac in /Users/nitishmac/springboot)
2024-06-26 19:34:15 [main] DEBUG restful.restful.RestfulApplication -
                Running with Spring Boot v2.7.14, Spring v5.3.29
2024-06-26 19:34:15 [main] INFO  restful.restful.RestfulApplication -
                The following 3 profiles are active: "prod", "dev", "local"
