2024-06-24 09:52:40 [http-nio-8080-exec-2] INFO  restful.restful.aop.LoggingAspect -
                Method Invoked class restful.restful.UserInfoAPI authenticateAndGetToken()Arguments [{"userName":null,"password":"password"}]
2024-06-24 09:54:57 [http-nio-8080-exec-4] INFO  restful.restful.aop.LoggingAspect -
                Method Invoked class restful.restful.UserInfoAPI authenticateAndGetToken()Arguments [{"userName":"nitish","password":"password"}]
2024-06-24 09:59:17 [http-nio-8080-exec-8] INFO  restful.restful.aop.LoggingAspect -
                Method Invoked class restful.restful.UserInfoAPI authenticateAndGetToken()Arguments [{"userName":null,"password":"password"}]
2024-06-24 10:01:17 [main] INFO  restful.restful.RestfulApplication -
                Starting RestfulApplication using Java 19.0.2 on Nitishs-MacBook-Air.local with PID 23468 (/Users/nitishmac/springboot/build/classes/java/main started by nitishmac in /Users/nitishmac/springboot)
2024-06-24 10:01:17 [main] DEBUG restful.restful.RestfulApplication -
                Running with Spring Boot v2.7.14, Spring v5.3.29
2024-06-24 10:01:17 [main] INFO  restful.restful.RestfulApplication -
                The following 3 profiles are active: "prod", "dev", "local"
2024-06-24 10:01:18 [main] DEBUG restful.restful.filter.JwtAuthFilter -
                Filter 'jwtAuthFilter' configured for use
2024-06-24 10:01:19 [main] INFO  restful.restful.RestfulApplication -
                Started RestfulApplication in 7.074 seconds (JVM running for 7.439)
2024-06-24 10:01:28 [http-nio-8080-exec-1] INFO  restful.restful.aop.LoggingAspect -
                Method Invoked class restful.restful.UserInfoAPI authenticateAndGetToken()Arguments [{"userName":null,"password":"password"}]
2024-06-24 10:01:53 [http-nio-8080-exec-4] INFO  restful.restful.aop.LoggingAspect -
                Method Invoked class restful.restful.UserInfoAPI saveUserInfo()Arguments [{"id":0,"username":"nitish","password":"password","role":"ADMIN"}]
2024-06-24 10:03:18 [main] INFO  restful.restful.RestfulApplication -
                Starting RestfulApplication using Java 19.0.2 on Nitishs-MacBook-Air.local with PID 23487 (/Users/nitishmac/springboot/build/classes/java/main started by nitishmac in /Users/nitishmac/springboot)
2024-06-24 10:03:18 [main] DEBUG restful.restful.RestfulApplication -
                Running with Spring Boot v2.7.14, Spring v5.3.29
2024-06-24 10:03:18 [main] INFO  restful.restful.RestfulApplication -
                The following 3 profiles are active: "prod", "dev", "local"
2024-06-24 10:03:19 [main] DEBUG restful.restful.filter.JwtAuthFilter -
                Filter 'jwtAuthFilter' configured for use
2024-06-24 10:03:19 [main] INFO  restful.restful.RestfulApplication -
                Started RestfulApplication in 6.928 seconds (JVM running for 7.127)
2024-06-24 10:03:25 [http-nio-8080-exec-1] INFO  restful.restful.aop.LoggingAspect -
                Method Invoked class restful.restful.UserInfoAPI saveUserInfo()Arguments [{"id":0,"username":"nitish","password":"password","role":"ADMIN"}]
2024-06-24 10:03:25 [http-nio-8080-exec-1] INFO  restful.restful.aop.LoggingAspect -
                class restful.restful.UserInfoAPI saveUserInfo()Response {"headers":{},"body":{"id":3,"username":"nitish","password":"$2a$10$iwBhJibQ82j3G3HmUdI8xuHx6A9u.fmwqcqpLjoEs2GAluoCLvbny","role":"ADMIN"},"statusCodeValue":201,"statusCode":"CREATED"}
2024-06-24 10:14:25 [http-nio-8080-exec-2] INFO  restful.restful.aop.LoggingAspect -
                Method Invoked class restful.restful.UserInfoAPI authenticateAndGetToken()Arguments [{"userName":"nitish","password":"password"}]
2024-06-24 10:14:25 [http-nio-8080-exec-2] INFO  restful.restful.aop.LoggingAspect -
                class restful.restful.UserInfoAPI authenticateAndGetToken()Response "eyJhbGciOiJIUzI1NiJ9.eyJzdWIiOiJuaXRpc2giLCJpYXQiOjE3MTkyMDQyNjUsImV4cCI6MTcxOTIwNjA2NX0.KlBcHZJ1CBvTezSdddXbvN1pI-0w61ytLhkjowtfyZ8"
2024-06-24 10:15:17 [http-nio-8080-exec-1] INFO  restful.restful.aop.LoggingAspect -
                Method Invoked class restful.restful.EmployeeApi getEmployees()Arguments []
2024-06-24 10:15:17 [http-nio-8080-exec-1] INFO  restful.restful.aop.LoggingAspect -
                Method Invoked class restful.restful.EmployeeServiceImpl getEmployees()Arguments []
2024-06-24 10:15:17 [http-nio-8080-exec-1] INFO  restful.restful.aop.LoggingAspect -
                class restful.restful.EmployeeServiceImpl getEmployees()Response [{"id":1,"firstname":"Nitish","lastName":"Kumar","email":null}]
2024-06-24 10:15:17 [http-nio-8080-exec-1] INFO  restful.restful.aop.LoggingAspect -
                class restful.restful.EmployeeApi getEmployees()Response [{"id":1,"firstname":"Nitish","lastName":"Kumar","email":null}]
